#! /usr/local/Cellar/icarus-verilog/10.3/bin/vvp
:ivl_version "10.3 (stable)" "(v10_3)";
:ivl_delay_selection "TYPICAL";
:vpi_time_precision - 12;
:vpi_module "system";
:vpi_module "vhdl_sys";
:vpi_module "v2005_math";
:vpi_module "va_math";
S_0x7fcb07520530 .scope module, "Convolution_tb" "Convolution_tb" 2 2;
 .timescale -9 -12;
v0x7fcb0753ad90_0 .var "clk", 0 0;
v0x7fcb0753aeb0_0 .net "done", 0 0, v0x7fcb0753a460_0;  1 drivers
v0x7fcb0753af40_0 .var "rst", 0 0;
S_0x7fcb0751ce90 .scope module, "uut" "Convolution" 2 13, 3 10 0, S_0x7fcb07520530;
 .timescale -9 -12;
    .port_info 0 /INPUT 1 "clk"
    .port_info 1 /INPUT 1 "rst"
    .port_info 2 /OUTPUT 1 "done"
L_0x7fcb0753aff0 .functor AND 1, v0x7fcb07536c60_0, v0x7fcb07537380_0, C4<1>, C4<1>;
L_0x7fcb0753b390 .functor AND 1, v0x7fcb07539030_0, L_0x7fcb0753b270, C4<1>, C4<1>;
L_0x7fcb0753bfc0 .functor AND 1, v0x7fcb07539030_0, L_0x7fcb0753be40, C4<1>, C4<1>;
L_0x7fcb0753cb70 .functor AND 1, v0x7fcb07539030_0, L_0x7fcb0753cad0, C4<1>, C4<1>;
L_0x7fcb0753d7b0 .functor AND 1, v0x7fcb07539030_0, L_0x7fcb0753d5a0, C4<1>, C4<1>;
v0x7fcb07537770 .array "Output", 1023 0, 21 0;
v0x7fcb07537820_0 .net *"_s10", 0 0, L_0x7fcb0753b390;  1 drivers
L_0x100639518 .functor BUFT 1, C4<0000000000000000000000000>, C4<0>, C4<0>, C4<0>;
v0x7fcb075378c0_0 .net *"_s101", 24 0, L_0x100639518;  1 drivers
L_0x100639560 .functor BUFT 1, C4<00000000000000000000000010000000>, C4<0>, C4<0>, C4<0>;
v0x7fcb07537950_0 .net/2u *"_s102", 31 0, L_0x100639560;  1 drivers
v0x7fcb07537a00_0 .net *"_s104", 0 0, L_0x7fcb0753d5a0;  1 drivers
v0x7fcb07537ae0_0 .net *"_s106", 0 0, L_0x7fcb0753d7b0;  1 drivers
v0x7fcb07537b80_0 .net *"_s108", 7 0, L_0x7fcb0753d3e0;  1 drivers
v0x7fcb07537c30_0 .net *"_s110", 39 0, L_0x7fcb0753d820;  1 drivers
L_0x1006395a8 .functor BUFT 1, C4<000000000000000000000000000000000>, C4<0>, C4<0>, C4<0>;
v0x7fcb07537ce0_0 .net *"_s113", 32 0, L_0x1006395a8;  1 drivers
L_0x1006395f0 .functor BUFT 1, C4<0000000000000000000000000000000010000000>, C4<0>, C4<0>, C4<0>;
v0x7fcb07537df0_0 .net/2u *"_s114", 39 0, L_0x1006395f0;  1 drivers
v0x7fcb07537ea0_0 .net *"_s117", 39 0, L_0x7fcb0753d6c0;  1 drivers
v0x7fcb07537f50_0 .net *"_s118", 39 0, L_0x7fcb0753dac0;  1 drivers
v0x7fcb07538000_0 .net *"_s12", 7 0, L_0x7fcb0753b440;  1 drivers
L_0x100639638 .functor BUFT 1, C4<0000000000000000000000000>, C4<0>, C4<0>, C4<0>;
v0x7fcb075380b0_0 .net *"_s121", 24 0, L_0x100639638;  1 drivers
v0x7fcb07538160_0 .net *"_s122", 39 0, L_0x7fcb0753d9c0;  1 drivers
v0x7fcb07538210_0 .net *"_s125", 3 0, L_0x7fcb0753dd70;  1 drivers
L_0x100639680 .functor BUFT 1, C4<0000>, C4<0>, C4<0>, C4<0>;
v0x7fcb075382c0_0 .net/2u *"_s126", 3 0, L_0x100639680;  1 drivers
v0x7fcb07538450_0 .net *"_s14", 39 0, L_0x7fcb0753b520;  1 drivers
L_0x100639098 .functor BUFT 1, C4<000000000000000000000000000000000>, C4<0>, C4<0>, C4<0>;
v0x7fcb075384e0_0 .net *"_s17", 32 0, L_0x100639098;  1 drivers
L_0x1006390e0 .functor BUFT 1, C4<0000000000000000000000000000000010000000>, C4<0>, C4<0>, C4<0>;
v0x7fcb07538590_0 .net/2u *"_s18", 39 0, L_0x1006390e0;  1 drivers
v0x7fcb07538640_0 .net *"_s2", 31 0, L_0x7fcb0753b100;  1 drivers
v0x7fcb075386f0_0 .net *"_s21", 39 0, L_0x7fcb0753b6a0;  1 drivers
v0x7fcb075387a0_0 .net *"_s22", 39 0, L_0x7fcb0753b810;  1 drivers
L_0x100639128 .functor BUFT 1, C4<0000000000000000000000000>, C4<0>, C4<0>, C4<0>;
v0x7fcb07538850_0 .net *"_s25", 24 0, L_0x100639128;  1 drivers
v0x7fcb07538900_0 .net *"_s26", 39 0, L_0x7fcb0753b950;  1 drivers
v0x7fcb075389b0_0 .net *"_s29", 3 0, L_0x7fcb0753bb10;  1 drivers
L_0x100639170 .functor BUFT 1, C4<0000>, C4<0>, C4<0>, C4<0>;
v0x7fcb07538a60_0 .net/2u *"_s30", 3 0, L_0x100639170;  1 drivers
v0x7fcb07538b10_0 .net *"_s34", 31 0, L_0x7fcb0753bda0;  1 drivers
L_0x1006391b8 .functor BUFT 1, C4<0000000000000000000000000>, C4<0>, C4<0>, C4<0>;
v0x7fcb07538bc0_0 .net *"_s37", 24 0, L_0x1006391b8;  1 drivers
L_0x100639200 .functor BUFT 1, C4<00000000000000000000000010000000>, C4<0>, C4<0>, C4<0>;
v0x7fcb07538c70_0 .net/2u *"_s38", 31 0, L_0x100639200;  1 drivers
v0x7fcb07538d20_0 .net *"_s40", 0 0, L_0x7fcb0753be40;  1 drivers
v0x7fcb07538dc0_0 .net *"_s42", 0 0, L_0x7fcb0753bfc0;  1 drivers
v0x7fcb07538e60_0 .net *"_s44", 7 0, L_0x7fcb0753c0b0;  1 drivers
v0x7fcb07538370_0 .net *"_s46", 39 0, L_0x7fcb0753c150;  1 drivers
L_0x100639248 .functor BUFT 1, C4<000000000000000000000000000000000>, C4<0>, C4<0>, C4<0>;
v0x7fcb075390f0_0 .net *"_s49", 32 0, L_0x100639248;  1 drivers
L_0x100639008 .functor BUFT 1, C4<0000000000000000000000000>, C4<0>, C4<0>, C4<0>;
v0x7fcb07539180_0 .net *"_s5", 24 0, L_0x100639008;  1 drivers
L_0x100639290 .functor BUFT 1, C4<0000000000000000000000000000000010000000>, C4<0>, C4<0>, C4<0>;
v0x7fcb07539220_0 .net/2u *"_s50", 39 0, L_0x100639290;  1 drivers
v0x7fcb075392d0_0 .net *"_s53", 39 0, L_0x7fcb0753c360;  1 drivers
v0x7fcb07539380_0 .net *"_s54", 39 0, L_0x7fcb0753c400;  1 drivers
L_0x1006392d8 .functor BUFT 1, C4<0000000000000000000000000>, C4<0>, C4<0>, C4<0>;
v0x7fcb07539430_0 .net *"_s57", 24 0, L_0x1006392d8;  1 drivers
v0x7fcb075394e0_0 .net *"_s58", 39 0, L_0x7fcb0753c5a0;  1 drivers
L_0x100639050 .functor BUFT 1, C4<00000000000000000000000010000000>, C4<0>, C4<0>, C4<0>;
v0x7fcb07539590_0 .net/2u *"_s6", 31 0, L_0x100639050;  1 drivers
v0x7fcb07539640_0 .net *"_s61", 3 0, L_0x7fcb0753c6c0;  1 drivers
L_0x100639320 .functor BUFT 1, C4<0000>, C4<0>, C4<0>, C4<0>;
v0x7fcb075396f0_0 .net/2u *"_s62", 3 0, L_0x100639320;  1 drivers
v0x7fcb075397a0_0 .net *"_s66", 31 0, L_0x7fcb0753c950;  1 drivers
L_0x100639368 .functor BUFT 1, C4<0000000000000000000000000>, C4<0>, C4<0>, C4<0>;
v0x7fcb07539850_0 .net *"_s69", 24 0, L_0x100639368;  1 drivers
L_0x1006393b0 .functor BUFT 1, C4<00000000000000000000000010000000>, C4<0>, C4<0>, C4<0>;
v0x7fcb07539900_0 .net/2u *"_s70", 31 0, L_0x1006393b0;  1 drivers
v0x7fcb075399b0_0 .net *"_s72", 0 0, L_0x7fcb0753cad0;  1 drivers
v0x7fcb07539a50_0 .net *"_s74", 0 0, L_0x7fcb0753cb70;  1 drivers
v0x7fcb07539af0_0 .net *"_s76", 7 0, L_0x7fcb0753cc20;  1 drivers
v0x7fcb07539ba0_0 .net *"_s78", 39 0, L_0x7fcb0753c9f0;  1 drivers
v0x7fcb07539c50_0 .net *"_s8", 0 0, L_0x7fcb0753b270;  1 drivers
L_0x1006393f8 .functor BUFT 1, C4<000000000000000000000000000000000>, C4<0>, C4<0>, C4<0>;
v0x7fcb07539cf0_0 .net *"_s81", 32 0, L_0x1006393f8;  1 drivers
L_0x100639440 .functor BUFT 1, C4<0000000000000000000000000000000010000000>, C4<0>, C4<0>, C4<0>;
v0x7fcb07539da0_0 .net/2u *"_s82", 39 0, L_0x100639440;  1 drivers
v0x7fcb07539e50_0 .net *"_s85", 39 0, L_0x7fcb0753cdb0;  1 drivers
v0x7fcb07539f00_0 .net *"_s86", 39 0, L_0x7fcb0753cf90;  1 drivers
L_0x100639488 .functor BUFT 1, C4<0000000000000000000000000>, C4<0>, C4<0>, C4<0>;
v0x7fcb07539fb0_0 .net *"_s89", 24 0, L_0x100639488;  1 drivers
v0x7fcb0753a060_0 .net *"_s90", 39 0, L_0x7fcb0753d130;  1 drivers
v0x7fcb0753a110_0 .net *"_s93", 3 0, L_0x7fcb0753d300;  1 drivers
L_0x1006394d0 .functor BUFT 1, C4<0000>, C4<0>, C4<0>, C4<0>;
v0x7fcb0753a1c0_0 .net/2u *"_s94", 3 0, L_0x1006394d0;  1 drivers
v0x7fcb0753a270_0 .net *"_s98", 31 0, L_0x7fcb0753d4c0;  1 drivers
v0x7fcb0753a320_0 .net "clk", 0 0, v0x7fcb0753ad90_0;  1 drivers
v0x7fcb0753a3b0_0 .var "colCount_image", 14 0;
v0x7fcb0753a460_0 .var "done", 0 0;
v0x7fcb0753a500_0 .net "done1_image", 0 0, v0x7fcb07536c60_0;  1 drivers
v0x7fcb07538f10_0 .net "done2_image", 0 0, v0x7fcb07537380_0;  1 drivers
v0x7fcb07538fa0_0 .net "done3_image", 0 0, v0x7fcb07536540_0;  1 drivers
v0x7fcb07539030_0 .var "enable", 0 0;
v0x7fcb0753a590 .array "imageArray", 16383 0, 7 0;
v0x7fcb0753a620_0 .net "input1_image", 3 0, L_0x7fcb0753bbf0;  1 drivers
v0x7fcb0753a6b0_0 .net "input1_kernel", 3 0, L_0x7fcb0753c830;  1 drivers
v0x7fcb0753a740_0 .net "input2_image", 3 0, L_0x7fcb0753ced0;  1 drivers
v0x7fcb0753a7f0_0 .net "input2_kernel", 3 0, L_0x7fcb0753dbe0;  1 drivers
v0x7fcb0753a8a0 .array "kernelArray", 63 0, 7 0;
v0x7fcb0753a930_0 .net "output_image", 8 0, v0x7fcb07536830_0;  1 drivers
v0x7fcb0753a9e0_0 .var "rowCount_image", 6 0;
v0x7fcb0753aa70_0 .net "rst", 0 0, v0x7fcb0753af40_0;  1 drivers
v0x7fcb0753ab10_0 .net "tempOutput1_image", 7 0, v0x7fcb07536f30_0;  1 drivers
v0x7fcb0753abf0_0 .net "tempOutput2_image", 7 0, v0x7fcb07537650_0;  1 drivers
v0x7fcb0753acd0_0 .var "writeCount_image", 14 0;
L_0x7fcb0753b100 .concat [ 7 25 0 0], v0x7fcb0753a9e0_0, L_0x100639008;
L_0x7fcb0753b270 .cmp/ge 32, L_0x100639050, L_0x7fcb0753b100;
L_0x7fcb0753b440 .array/port v0x7fcb0753a590, L_0x7fcb0753b950;
L_0x7fcb0753b520 .concat [ 7 33 0 0], v0x7fcb0753a9e0_0, L_0x100639098;
L_0x7fcb0753b6a0 .arith/mult 40, L_0x7fcb0753b520, L_0x1006390e0;
L_0x7fcb0753b810 .concat [ 15 25 0 0], v0x7fcb0753a3b0_0, L_0x100639128;
L_0x7fcb0753b950 .arith/sum 40, L_0x7fcb0753b6a0, L_0x7fcb0753b810;
L_0x7fcb0753bb10 .part L_0x7fcb0753b440, 0, 4;
L_0x7fcb0753bbf0 .functor MUXZ 4, L_0x100639170, L_0x7fcb0753bb10, L_0x7fcb0753b390, C4<>;
L_0x7fcb0753bda0 .concat [ 7 25 0 0], v0x7fcb0753a9e0_0, L_0x1006391b8;
L_0x7fcb0753be40 .cmp/ge 32, L_0x100639200, L_0x7fcb0753bda0;
L_0x7fcb0753c0b0 .array/port v0x7fcb0753a590, L_0x7fcb0753c5a0;
L_0x7fcb0753c150 .concat [ 7 33 0 0], v0x7fcb0753a9e0_0, L_0x100639248;
L_0x7fcb0753c360 .arith/mult 40, L_0x7fcb0753c150, L_0x100639290;
L_0x7fcb0753c400 .concat [ 15 25 0 0], v0x7fcb0753a3b0_0, L_0x1006392d8;
L_0x7fcb0753c5a0 .arith/sum 40, L_0x7fcb0753c360, L_0x7fcb0753c400;
L_0x7fcb0753c6c0 .part L_0x7fcb0753c0b0, 0, 4;
L_0x7fcb0753c830 .functor MUXZ 4, L_0x100639320, L_0x7fcb0753c6c0, L_0x7fcb0753bfc0, C4<>;
L_0x7fcb0753c950 .concat [ 7 25 0 0], v0x7fcb0753a9e0_0, L_0x100639368;
L_0x7fcb0753cad0 .cmp/ge 32, L_0x1006393b0, L_0x7fcb0753c950;
L_0x7fcb0753cc20 .array/port v0x7fcb0753a590, L_0x7fcb0753d130;
L_0x7fcb0753c9f0 .concat [ 7 33 0 0], v0x7fcb0753a9e0_0, L_0x1006393f8;
L_0x7fcb0753cdb0 .arith/mult 40, L_0x7fcb0753c9f0, L_0x100639440;
L_0x7fcb0753cf90 .concat [ 15 25 0 0], v0x7fcb0753a3b0_0, L_0x100639488;
L_0x7fcb0753d130 .arith/sum 40, L_0x7fcb0753cdb0, L_0x7fcb0753cf90;
L_0x7fcb0753d300 .part L_0x7fcb0753cc20, 0, 4;
L_0x7fcb0753ced0 .functor MUXZ 4, L_0x1006394d0, L_0x7fcb0753d300, L_0x7fcb0753cb70, C4<>;
L_0x7fcb0753d4c0 .concat [ 7 25 0 0], v0x7fcb0753a9e0_0, L_0x100639518;
L_0x7fcb0753d5a0 .cmp/ge 32, L_0x100639560, L_0x7fcb0753d4c0;
L_0x7fcb0753d3e0 .array/port v0x7fcb0753a590, L_0x7fcb0753d9c0;
L_0x7fcb0753d820 .concat [ 7 33 0 0], v0x7fcb0753a9e0_0, L_0x1006395a8;
L_0x7fcb0753d6c0 .arith/mult 40, L_0x7fcb0753d820, L_0x1006395f0;
L_0x7fcb0753dac0 .concat [ 15 25 0 0], v0x7fcb0753a3b0_0, L_0x100639638;
L_0x7fcb0753d9c0 .arith/sum 40, L_0x7fcb0753d6c0, L_0x7fcb0753dac0;
L_0x7fcb0753dd70 .part L_0x7fcb0753d3e0, 0, 4;
L_0x7fcb0753dbe0 .functor MUXZ 4, L_0x100639680, L_0x7fcb0753dd70, L_0x7fcb0753d7b0, C4<>;
S_0x7fcb075197f0 .scope module, "add1_image" "Adder" 3 60, 4 6 0, S_0x7fcb0751ce90;
 .timescale -9 -12;
    .port_info 0 /INPUT 8 "input1"
    .port_info 1 /INPUT 8 "input2"
    .port_info 2 /OUTPUT 9 "output1"
    .port_info 3 /INPUT 1 "clk"
    .port_info 4 /INPUT 1 "enable"
    .port_info 5 /OUTPUT 1 "done"
v0x7fcb07523bd0_0 .net "clk", 0 0, v0x7fcb0753ad90_0;  alias, 1 drivers
v0x7fcb07536540_0 .var "done", 0 0;
v0x7fcb075365e0_0 .net "enable", 0 0, L_0x7fcb0753aff0;  1 drivers
v0x7fcb07536690_0 .net "input1", 7 0, v0x7fcb07536f30_0;  alias, 1 drivers
v0x7fcb07536740_0 .net "input2", 7 0, v0x7fcb07537650_0;  alias, 1 drivers
v0x7fcb07536830_0 .var "output1", 8 0;
E_0x7fcb07515440 .event posedge, v0x7fcb07523bd0_0;
S_0x7fcb07536970 .scope module, "m1_image" "Multiplier" 3 42, 5 1 0, S_0x7fcb0751ce90;
 .timescale -9 -12;
    .port_info 0 /INPUT 1 "clk"
    .port_info 1 /INPUT 1 "enable"
    .port_info 2 /INPUT 4 "input_I"
    .port_info 3 /INPUT 4 "input_K"
    .port_info 4 /OUTPUT 8 "output1"
    .port_info 5 /OUTPUT 1 "done"
v0x7fcb07536bb0_0 .net "clk", 0 0, v0x7fcb0753ad90_0;  alias, 1 drivers
v0x7fcb07536c60_0 .var "done", 0 0;
v0x7fcb07536cf0_0 .net "enable", 0 0, v0x7fcb07539030_0;  1 drivers
v0x7fcb07536da0_0 .net "input_I", 3 0, L_0x7fcb0753bbf0;  alias, 1 drivers
v0x7fcb07536e40_0 .net "input_K", 3 0, L_0x7fcb0753c830;  alias, 1 drivers
v0x7fcb07536f30_0 .var "output1", 7 0;
S_0x7fcb07537050 .scope module, "m2_image" "Multiplier" 3 51, 5 1 0, S_0x7fcb0751ce90;
 .timescale -9 -12;
    .port_info 0 /INPUT 1 "clk"
    .port_info 1 /INPUT 1 "enable"
    .port_info 2 /INPUT 4 "input_I"
    .port_info 3 /INPUT 4 "input_K"
    .port_info 4 /OUTPUT 8 "output1"
    .port_info 5 /OUTPUT 1 "done"
v0x7fcb075372b0_0 .net "clk", 0 0, v0x7fcb0753ad90_0;  alias, 1 drivers
v0x7fcb07537380_0 .var "done", 0 0;
v0x7fcb07537420_0 .net "enable", 0 0, v0x7fcb07539030_0;  alias, 1 drivers
v0x7fcb075374d0_0 .net "input_I", 3 0, L_0x7fcb0753ced0;  alias, 1 drivers
v0x7fcb07537560_0 .net "input_K", 3 0, L_0x7fcb0753dbe0;  alias, 1 drivers
v0x7fcb07537650_0 .var "output1", 7 0;
    .scope S_0x7fcb07536970;
T_0 ;
    %wait E_0x7fcb07515440;
    %load/vec4 v0x7fcb07536cf0_0;
    %flag_set/vec4 8;
    %jmp/0xz  T_0.0, 8;
    %load/vec4 v0x7fcb07536da0_0;
    %pad/u 8;
    %load/vec4 v0x7fcb07536e40_0;
    %pad/u 8;
    %mul;
    %assign/vec4 v0x7fcb07536f30_0, 0;
    %pushi/vec4 1, 0, 1;
    %assign/vec4 v0x7fcb07536c60_0, 0;
    %jmp T_0.1;
T_0.0 ;
    %pushi/vec4 0, 0, 8;
    %assign/vec4 v0x7fcb07536f30_0, 0;
    %pushi/vec4 0, 0, 1;
    %assign/vec4 v0x7fcb07536c60_0, 0;
T_0.1 ;
    %jmp T_0;
    .thread T_0;
    .scope S_0x7fcb07537050;
T_1 ;
    %wait E_0x7fcb07515440;
    %load/vec4 v0x7fcb07537420_0;
    %flag_set/vec4 8;
    %jmp/0xz  T_1.0, 8;
    %load/vec4 v0x7fcb075374d0_0;
    %pad/u 8;
    %load/vec4 v0x7fcb07537560_0;
    %pad/u 8;
    %mul;
    %assign/vec4 v0x7fcb07537650_0, 0;
    %pushi/vec4 1, 0, 1;
    %assign/vec4 v0x7fcb07537380_0, 0;
    %jmp T_1.1;
T_1.0 ;
    %pushi/vec4 0, 0, 8;
    %assign/vec4 v0x7fcb07537650_0, 0;
    %pushi/vec4 0, 0, 1;
    %assign/vec4 v0x7fcb07537380_0, 0;
T_1.1 ;
    %jmp T_1;
    .thread T_1;
    .scope S_0x7fcb075197f0;
T_2 ;
    %wait E_0x7fcb07515440;
    %load/vec4 v0x7fcb075365e0_0;
    %flag_set/vec4 8;
    %jmp/0xz  T_2.0, 8;
    %pushi/vec4 0, 0, 1;
    %load/vec4 v0x7fcb07536690_0;
    %concat/vec4; draw_concat_vec4
    %pushi/vec4 0, 0, 1;
    %load/vec4 v0x7fcb07536740_0;
    %concat/vec4; draw_concat_vec4
    %add;
    %assign/vec4 v0x7fcb07536830_0, 0;
    %pushi/vec4 1, 0, 1;
    %assign/vec4 v0x7fcb07536540_0, 0;
    %jmp T_2.1;
T_2.0 ;
    %pushi/vec4 0, 0, 9;
    %assign/vec4 v0x7fcb07536830_0, 0;
    %pushi/vec4 0, 0, 1;
    %assign/vec4 v0x7fcb07536540_0, 0;
T_2.1 ;
    %jmp T_2;
    .thread T_2;
    .scope S_0x7fcb0751ce90;
T_3 ;
    %vpi_call 3 20 "$readmemb", "image1.txt", v0x7fcb0753a590, 32'sb00000000000000000000000000000000, 32'sb00000000000000000011111111111111 {0 0 0};
    %end;
    .thread T_3;
    .scope S_0x7fcb0751ce90;
T_4 ;
    %vpi_call 3 21 "$readmemb", "kernel.txt", v0x7fcb0753a8a0, 32'sb00000000000000000000000000000000, 32'sb00000000000000000000000000111111 {0 0 0};
    %end;
    .thread T_4;
    .scope S_0x7fcb0751ce90;
T_5 ;
    %wait E_0x7fcb07515440;
    %load/vec4 v0x7fcb0753aa70_0;
    %flag_set/vec4 8;
    %jmp/0xz  T_5.0, 8;
    %pushi/vec4 0, 0, 1;
    %assign/vec4 v0x7fcb07539030_0, 0;
    %pushi/vec4 0, 0, 15;
    %assign/vec4 v0x7fcb0753a3b0_0, 0;
    %pushi/vec4 0, 0, 7;
    %assign/vec4 v0x7fcb0753a9e0_0, 0;
    %pushi/vec4 0, 0, 15;
    %assign/vec4 v0x7fcb0753acd0_0, 0;
    %pushi/vec4 0, 0, 1;
    %assign/vec4 v0x7fcb0753a460_0, 0;
    %jmp T_5.1;
T_5.0 ;
    %pushi/vec4 1, 0, 1;
    %assign/vec4 v0x7fcb07539030_0, 0;
    %load/vec4 v0x7fcb07539030_0;
    %flag_set/vec4 8;
    %jmp/0xz  T_5.2, 8;
    %load/vec4 v0x7fcb0753a9e0_0;
    %pad/u 32;
    %cmpi/u 128, 0, 32;
    %flag_or 5, 4;
    %jmp/0xz  T_5.4, 5;
    %load/vec4 v0x7fcb0753a3b0_0;
    %pad/u 32;
    %cmpi/u 128, 0, 32;
    %flag_or 5, 4;
    %jmp/0xz  T_5.6, 5;
    %load/vec4 v0x7fcb0753a3b0_0;
    %addi 1, 0, 15;
    %assign/vec4 v0x7fcb0753a3b0_0, 0;
    %load/vec4 v0x7fcb0753a9e0_0;
    %assign/vec4 v0x7fcb0753a9e0_0, 0;
    %jmp T_5.7;
T_5.6 ;
    %pushi/vec4 0, 0, 15;
    %assign/vec4 v0x7fcb0753a3b0_0, 0;
    %load/vec4 v0x7fcb0753a9e0_0;
    %addi 1, 0, 7;
    %assign/vec4 v0x7fcb0753a9e0_0, 0;
T_5.7 ;
    %jmp T_5.5;
T_5.4 ;
    %load/vec4 v0x7fcb0753a3b0_0;
    %assign/vec4 v0x7fcb0753a3b0_0, 0;
    %load/vec4 v0x7fcb0753a9e0_0;
    %assign/vec4 v0x7fcb0753a9e0_0, 0;
T_5.5 ;
    %jmp T_5.3;
T_5.2 ;
    %pushi/vec4 0, 0, 15;
    %assign/vec4 v0x7fcb0753a3b0_0, 0;
    %pushi/vec4 1, 0, 7;
    %assign/vec4 v0x7fcb0753a9e0_0, 0;
T_5.3 ;
T_5.1 ;
    %load/vec4 v0x7fcb07538fa0_0;
    %flag_set/vec4 8;
    %jmp/0xz  T_5.8, 8;
    %load/vec4 v0x7fcb0753acd0_0;
    %pad/u 32;
    %cmpi/u 1024, 0, 32;
    %jmp/0xz  T_5.10, 5;
    %load/vec4 v0x7fcb0753a930_0;
    %pad/u 22;
    %ix/getv 3, v0x7fcb0753acd0_0;
    %ix/load 4, 0, 0; Constant delay
    %assign/vec4/a/d v0x7fcb07537770, 0, 4;
    %load/vec4 v0x7fcb0753acd0_0;
    %addi 1, 0, 15;
    %assign/vec4 v0x7fcb0753acd0_0, 0;
    %jmp T_5.11;
T_5.10 ;
    %load/vec4 v0x7fcb0753acd0_0;
    %assign/vec4 v0x7fcb0753acd0_0, 0;
    %pushi/vec4 1, 0, 1;
    %assign/vec4 v0x7fcb0753a460_0, 0;
T_5.11 ;
    %jmp T_5.9;
T_5.8 ;
    %load/vec4 v0x7fcb0753acd0_0;
    %assign/vec4 v0x7fcb0753acd0_0, 0;
T_5.9 ;
    %jmp T_5;
    .thread T_5;
    .scope S_0x7fcb07520530;
T_6 ;
    %pushi/vec4 0, 0, 1;
    %store/vec4 v0x7fcb0753ad90_0, 0, 1;
    %pushi/vec4 1, 0, 1;
    %store/vec4 v0x7fcb0753af40_0, 0, 1;
    %delay 10000, 0;
    %pushi/vec4 0, 0, 1;
    %store/vec4 v0x7fcb0753af40_0, 0, 1;
    %end;
    .thread T_6;
    .scope S_0x7fcb07520530;
T_7 ;
    %delay 5000, 0;
    %load/vec4 v0x7fcb0753ad90_0;
    %inv;
    %store/vec4 v0x7fcb0753ad90_0, 0, 1;
    %jmp T_7;
    .thread T_7;
    .scope S_0x7fcb07520530;
T_8 ;
    %vpi_call 2 30 "$monitor", "At time %t, value = %h (%0d)", $time, v0x7fcb0753aeb0_0, v0x7fcb0753aeb0_0 {0 0 0};
    %end;
    .thread T_8;
# The file index is used to find the file name in the following table.
:file_names 6;
    "N/A";
    "<interactive>";
    "convolution_tb.v";
    "convolution.v";
    "Adder.v";
    "Multiplier.v";
